<?xml version="1.0" encoding="UTF-8"?>
<!-- Generated by org.testng.reporters.JUnitReportReporter -->
<testsuite hostname="BLR1-LHP-N71640" failures="0" tests="1" name="Selenium" time="8.884" errors="0" timestamp="2025-05-21T20:17:56 IST" skipped="0">
  <testcase classname="Selenium" name="test1" time="8.884"/>
</testsuite> <!-- Selenium -->
